0 info it worked if it ends with ok
1 verbose cli [ '/usr/bin/nodejs', '/usr/bin/npm', 'install', 'angular-chess' ]
2 info using npm@2.15.1
3 info using node@v4.4.4
4 verbose install initial load of /home/steffen/code/Qwirkle/package.json
5 warn package.json ionic-project@1.1.1 No repository field.
6 warn package.json ionic-project@1.1.1 No license field.
7 verbose readDependencies loading dependencies from /home/steffen/code/Qwirkle/package.json
8 silly cache add args [ 'angular-chess', null ]
9 verbose cache add spec angular-chess
10 silly cache add parsed spec Result {
10 silly cache add   raw: 'angular-chess',
10 silly cache add   scope: null,
10 silly cache add   name: 'angular-chess',
10 silly cache add   rawSpec: '',
10 silly cache add   spec: 'latest',
10 silly cache add   type: 'tag' }
11 silly addNamed angular-chess@latest
12 verbose addNamed "latest" is being treated as a dist-tag for angular-chess
13 info addNameTag [ 'angular-chess', 'latest' ]
14 silly mapToRegistry name angular-chess
15 silly mapToRegistry using default registry
16 silly mapToRegistry registry https://registry.npmjs.org/
17 silly mapToRegistry data Result {
17 silly mapToRegistry   raw: 'angular-chess',
17 silly mapToRegistry   scope: null,
17 silly mapToRegistry   name: 'angular-chess',
17 silly mapToRegistry   rawSpec: '',
17 silly mapToRegistry   spec: 'latest',
17 silly mapToRegistry   type: 'tag' }
18 silly mapToRegistry uri https://registry.npmjs.org/angular-chess
19 verbose addNameTag registry:https://registry.npmjs.org/angular-chess not in flight; fetching
20 verbose request uri https://registry.npmjs.org/angular-chess
21 verbose request no auth needed
22 info attempt registry request try #1 at 5:25:03 PM
23 verbose request id c3eba958f4258d1b
24 http request GET https://registry.npmjs.org/angular-chess
25 http 404 https://registry.npmjs.org/angular-chess
26 verbose headers { 'content-type': 'application/json',
26 verbose headers   'cache-control': 'max-age=0',
26 verbose headers   'content-length': '2',
26 verbose headers   'accept-ranges': 'bytes',
26 verbose headers   date: 'Fri, 06 May 2016 15:25:03 GMT',
26 verbose headers   via: '1.1 varnish',
26 verbose headers   age: '0',
26 verbose headers   connection: 'keep-alive',
26 verbose headers   'x-served-by': 'cache-ams4131-AMS',
26 verbose headers   'x-cache': 'MISS',
26 verbose headers   'x-cache-hits': '0',
26 verbose headers   'x-timer': 'S1462548303.593215,VS0,VE184',
26 verbose headers   vary: 'Accept-Encoding' }
27 silly get cb [ 404,
27 silly get   { 'content-type': 'application/json',
27 silly get     'cache-control': 'max-age=0',
27 silly get     'content-length': '2',
27 silly get     'accept-ranges': 'bytes',
27 silly get     date: 'Fri, 06 May 2016 15:25:03 GMT',
27 silly get     via: '1.1 varnish',
27 silly get     age: '0',
27 silly get     connection: 'keep-alive',
27 silly get     'x-served-by': 'cache-ams4131-AMS',
27 silly get     'x-cache': 'MISS',
27 silly get     'x-cache-hits': '0',
27 silly get     'x-timer': 'S1462548303.593215,VS0,VE184',
27 silly get     vary: 'Accept-Encoding' } ]
28 verbose stack Error: Registry returned 404 for GET on https://registry.npmjs.org/angular-chess
28 verbose stack     at makeError (/usr/lib/node_modules/npm/node_modules/npm-registry-client/lib/request.js:264:12)
28 verbose stack     at CachingRegistryClient.<anonymous> (/usr/lib/node_modules/npm/node_modules/npm-registry-client/lib/request.js:242:14)
28 verbose stack     at Request._callback (/usr/lib/node_modules/npm/node_modules/npm-registry-client/lib/request.js:172:14)
28 verbose stack     at Request.self.callback (/usr/lib/node_modules/npm/node_modules/request/request.js:199:22)
28 verbose stack     at emitTwo (events.js:87:13)
28 verbose stack     at Request.emit (events.js:172:7)
28 verbose stack     at Request.<anonymous> (/usr/lib/node_modules/npm/node_modules/request/request.js:1036:10)
28 verbose stack     at emitOne (events.js:82:20)
28 verbose stack     at Request.emit (events.js:169:7)
28 verbose stack     at IncomingMessage.<anonymous> (/usr/lib/node_modules/npm/node_modules/request/request.js:963:12)
29 verbose statusCode 404
30 verbose pkgid angular-chess
31 verbose cwd /home/steffen/code/Qwirkle
32 error Linux 4.2.0-35-generic
33 error argv "/usr/bin/nodejs" "/usr/bin/npm" "install" "angular-chess"
34 error node v4.4.4
35 error npm  v2.15.1
36 error code E404
37 error 404 Registry returned 404 for GET on https://registry.npmjs.org/angular-chess
37 error 404
37 error 404 'angular-chess' is not in the npm registry.
37 error 404 You should bug the author to publish it (or use the name yourself!)
37 error 404 It was specified as a dependency of 'ionic-project'
37 error 404
37 error 404 Note that you can also install from a
37 error 404 tarball, folder, http url, or git url.
38 verbose exit [ 1, true ]
